<?xml version="1.0" encoding="UTF-8"?>
<testng-results ignored="0" total="1" passed="1" failed="0" skipped="0">
  <reporter-output>
  </reporter-output>
  <suite started-at="2022-08-28T16:43:22 IST" name="Default suite" finished-at="2022-08-28T16:43:32 IST" duration-ms="9815">
    <groups>
    </groups>
    <test started-at="2022-08-28T16:43:22 IST" name="Default test" finished-at="2022-08-28T16:43:32 IST" duration-ms="9815">
      <class name="test.Test99GuruLogin">
        <test-method is-config="true" signature="setup()[pri:0, instance:test.Test99GuruLogin@742ff096]" started-at="2022-08-28T16:43:22 IST" name="setup" finished-at="2022-08-28T16:43:30 IST" duration-ms="8248" status="PASS">
          <reporter-output>
          </reporter-output>
        </test-method> <!-- setup -->
        <test-method signature="test_Home_Page_Appear_Correct()[pri:0, instance:test.Test99GuruLogin@742ff096]" started-at="2022-08-28T16:43:30 IST" name="test_Home_Page_Appear_Correct" finished-at="2022-08-28T16:43:32 IST" duration-ms="1519" status="PASS">
          <reporter-output>
          </reporter-output>
        </test-method> <!-- test_Home_Page_Appear_Correct -->
      </class> <!-- test.Test99GuruLogin -->
    </test> <!-- Default test -->
  </suite> <!-- Default suite -->
</testng-results>
